2024-12-11 22:07:51,508 - INFO - Loading path results...
2024-12-11 22:07:52,739 - INFO - Loading borough boundaries...
2024-12-11 22:07:52,785 - INFO - Loading parks data...
2024-12-11 22:07:52,955 - INFO - Assigning parks to boroughs...
2024-12-11 22:07:52,960 - ERROR - Error during analysis: "['boro_names'] not in index"
2024-12-11 22:08:09,776 - INFO - Loading path results...
2024-12-11 22:08:10,944 - INFO - Loading borough boundaries...
2024-12-11 22:08:10,990 - INFO - Loading parks data...
2024-12-11 22:08:11,150 - INFO - Assigning parks to boroughs...
2024-12-11 22:08:11,184 - INFO - Calculating citywide statistics...
2024-12-11 22:08:11,189 - INFO - Calculating within-borough statistics...
2024-12-11 22:08:11,199 - ERROR - Error during analysis: '<' not supported between instances of 'float' and 'str'
2024-12-11 22:09:18,875 - INFO - Loading path results...
2024-12-11 22:09:20,191 - INFO - Loading borough boundaries...
2024-12-11 22:09:20,236 - INFO - Loading parks data...
2024-12-11 22:09:20,398 - INFO - Assigning parks to boroughs...
2024-12-11 22:09:20,427 - INFO - Calculating citywide statistics...
2024-12-11 22:09:20,430 - INFO - Calculating within-borough statistics...
2024-12-11 22:09:20,454 - INFO - Calculating between-borough statistics...
2024-12-11 22:09:20,469 - INFO - Analysis completed successfully. Results written to path_distance_analysis.txt
2024-12-11 22:09:56,748 - INFO - Loading path results...
2024-12-11 22:09:57,928 - INFO - Loading borough boundaries...
2024-12-11 22:09:57,972 - INFO - Loading parks data...
2024-12-11 22:09:58,131 - INFO - Assigning parks to boroughs...
2024-12-11 22:09:58,160 - INFO - Calculating citywide statistics...
2024-12-11 22:09:58,164 - INFO - Calculating within-borough statistics...
2024-12-11 22:09:58,192 - INFO - Calculating between-borough statistics...
2024-12-11 22:09:58,211 - INFO - Analysis completed successfully. Results written to path_distance_analysis.txt
2024-12-11 22:10:09,473 - INFO - Loading path results...
2024-12-11 22:10:10,630 - INFO - Loading borough boundaries...
2024-12-11 22:10:10,669 - INFO - Loading parks data...
2024-12-11 22:10:10,811 - INFO - Assigning parks to boroughs...
2024-12-11 22:10:10,842 - INFO - Calculating citywide statistics...
2024-12-11 22:10:10,846 - INFO - Calculating within-borough statistics...
2024-12-11 22:10:10,871 - INFO - Calculating between-borough statistics...
2024-12-11 22:10:10,887 - INFO - Analysis completed successfully. Results written to path_distance_analysis.txt
2024-12-11 22:12:09,287 - INFO - Loading path results...
2024-12-11 22:12:10,455 - INFO - Loading borough boundaries...
2024-12-11 22:12:10,497 - INFO - Loading parks data...
2024-12-11 22:12:10,666 - INFO - Assigning parks to boroughs...
2024-12-11 22:12:10,696 - INFO - Calculating citywide statistics...
2024-12-11 22:12:10,699 - INFO - Calculating within-borough statistics...
2024-12-11 22:12:10,725 - INFO - Calculating between-borough statistics...
2024-12-11 22:12:10,743 - INFO - Analysis completed successfully. Results written to path_distance_analysis.txt
2024-12-11 22:12:41,322 - INFO - Loading path results...
2024-12-11 22:12:44,734 - INFO - Loading borough boundaries...
2024-12-11 22:12:44,777 - INFO - Loading parks data...
2024-12-11 22:12:44,940 - INFO - Assigning parks to boroughs...
2024-12-11 22:12:44,967 - INFO - Calculating citywide statistics...
2024-12-11 22:12:44,971 - INFO - Calculating within-borough statistics...
2024-12-11 22:12:44,993 - INFO - Calculating between-borough statistics...
2024-12-11 22:12:45,008 - INFO - Analysis completed successfully. Results written to path_distance_analysis.txt
2024-12-11 22:13:38,486 - INFO - Loading path results...
2024-12-11 22:13:42,153 - INFO - Loading borough boundaries...
2024-12-11 22:13:42,196 - INFO - Loading parks data...
2024-12-11 22:13:42,405 - INFO - Assigning parks to boroughs...
2024-12-11 22:13:42,411 - ERROR - Error during analysis: "['boro_names'] not in index"
2024-12-11 22:13:51,226 - INFO - Loading path results...
2024-12-11 22:13:51,543 - INFO - Loading borough boundaries...
2024-12-11 22:13:51,557 - INFO - Loading parks data...
2024-12-11 22:13:51,642 - INFO - Assigning parks to boroughs...
2024-12-11 22:13:51,671 - ERROR - Error during analysis: 'charmap' codec can't encode character '\u2264' in position 38: character maps to <undefined>
2024-12-11 22:15:20,651 - INFO - Loading path results...
2024-12-11 22:15:25,382 - INFO - Filtering paths to <= 1000m...
2024-12-11 22:15:25,392 - INFO - Number of paths <= 1000m: 51294
2024-12-11 22:15:25,392 - INFO - Loading borough boundaries...
2024-12-11 22:15:25,438 - INFO - Loading parks data...
2024-12-11 22:15:25,598 - INFO - Assigning parks to boroughs...
2024-12-11 22:15:25,627 - INFO - Calculating citywide statistics...
2024-12-11 22:15:25,630 - INFO - Calculating within-borough statistics...
2024-12-11 22:15:25,646 - INFO - Calculating between-borough statistics...
2024-12-11 22:15:25,659 - INFO - Analysis completed successfully. Results written to path_distance_analysis_1000m.txt
2024-12-11 22:17:55,480 - INFO - Loading path results...
2024-12-11 22:17:58,903 - INFO - Filtering paths to <= 1000m...
2024-12-11 22:17:58,914 - INFO - Number of paths <= 1000m: 51294
2024-12-11 22:17:58,915 - INFO - Loading borough boundaries...
2024-12-11 22:17:58,959 - INFO - Loading parks data...
2024-12-11 22:17:59,172 - INFO - Assigning parks to boroughs...
2024-12-11 22:17:59,203 - INFO - Calculating citywide statistics...
2024-12-11 22:17:59,207 - INFO - Calculating within-borough statistics...
2024-12-11 22:17:59,225 - INFO - Calculating between-borough statistics...
2024-12-11 22:17:59,237 - INFO - Analysis completed successfully. Results written to path_distance_analysis_1000m.txt
