2024-12-14 17:39:14,462 - INFO - Loading park points data...
2024-12-14 17:39:17,732 - INFO - Loaded 75484 park points.
2024-12-14 17:39:17,734 - INFO - Analyzing clusters for 100m threshold...
2024-12-14 17:40:33,485 - INFO - Loading park points data...
2024-12-14 17:40:33,679 - INFO - Loaded 4329 park points.
2024-12-14 17:40:33,679 - INFO - Analyzing clusters for 100m threshold...
2024-12-14 17:42:14,629 - INFO - Loading park points data...
2024-12-14 17:42:14,823 - INFO - Loaded 4329 park points.
2024-12-14 17:42:14,823 - INFO - Analyzing clusters for 100m threshold...
2024-12-14 17:44:11,726 - INFO - Created graph with 4329 nodes and 9560 edges.
2024-12-14 17:44:21,707 - INFO - Found 1208 clusters using Girvan-Newman.
2024-12-14 17:44:21,727 - INFO - Results for 100m saved to ../output/euclidean_clusters/euclidean_clusters_100m.csv.
2024-12-14 17:44:21,727 - INFO - Analyzing clusters for 250m threshold...
2024-12-14 17:46:18,654 - INFO - Created graph with 4329 nodes and 17685 edges.
2024-12-14 17:50:31,467 - INFO - Found 517 clusters using Girvan-Newman.
2024-12-14 17:50:31,485 - INFO - Results for 250m saved to ../output/euclidean_clusters/euclidean_clusters_250m.csv.
2024-12-14 17:50:31,485 - INFO - Analyzing clusters for 500m threshold...
2024-12-14 17:52:27,574 - INFO - Created graph with 4329 nodes and 33769 edges.
2024-12-14 17:53:23,510 - INFO - Found 127 clusters using Girvan-Newman.
2024-12-14 17:53:23,526 - INFO - Results for 500m saved to ../output/euclidean_clusters/euclidean_clusters_500m.csv.
2024-12-14 17:53:23,526 - INFO - Analyzing clusters for 1000m threshold...
2024-12-14 17:55:22,693 - INFO - Created graph with 4329 nodes and 75998 edges.
